<?xml version="1.0" encoding="UTF-8"?>
<!-- Generated by org.testng.reporters.JUnitReportReporter -->
<testsuite hostname="Prashants-MacBook-Air.local" failures="0" tests="3" name="JavaLambada" time="0.051" errors="0" timestamp="24 Feb. 2021 03:56:41 GMT" skipped="0">
  <testcase classname="JavaLambada" name="regular" time="0.039"/>
  <testcase classname="JavaLambada" name="streamMap" time="0.005"/>
  <testcase classname="JavaLambada" name="streamFilter" time="0.007"/>
</testsuite> <!-- JavaLambada -->
