<?xml version="1.0" encoding="UTF-8"?>
<!-- Generated by org.testng.reporters.JUnitReportReporter -->
<testsuite hostname="Prashants-MacBook-Air.local" failures="0" tests="4" name="JavaLambada" time="0.069" errors="0" timestamp="24 Feb. 2021 04:36:20 GMT" skipped="0">
  <testcase classname="JavaLambada" name="streamMap" time="0.036"/>
  <testcase classname="JavaLambada" name="streamCollect" time="0.010"/>
  <testcase classname="JavaLambada" name="streamFilter" time="0.007"/>
  <testcase classname="JavaLambada" name="regular" time="0.016"/>
</testsuite> <!-- JavaLambada -->
